<?xml version="1.0" encoding="UTF-8"?>
<!DOCTYPE mapper PUBLIC "-//mybatis.org//DTD Mapper 3.0//EN" "http://mybatis.org/dtd/mybatis-3-mapper.dtd">
<!--  #{} -> string 주로 where절, ${} -> number  -->
<mapper namespace="test">
    <select id="testQuery">
        select 'test1query' as test1,
            #{testItem1} as test2,
            #{testItem2} as test3
    </select>
</mapper>